<?xml version="1.0" encoding="UTF-8"?>
<testsuite name="com.diego.matesanz.jedi.archive.core.domain.usecase.SearchUseCaseTest" tests="5" skipped="0" failures="0" errors="0" timestamp="2026-02-27T08:57:09.824Z" hostname="dmatesanz" time="0.01">
  <properties/>
  <testcase name="invoke with query and category filters correctly" classname="com.diego.matesanz.jedi.archive.core.domain.usecase.SearchUseCaseTest" time="0.003"/>
  <testcase name="invoke with query and no category calls repository search" classname="com.diego.matesanz.jedi.archive.core.domain.usecase.SearchUseCaseTest" time="0.003"/>
  <testcase name="invoke with repository error returns failure" classname="com.diego.matesanz.jedi.archive.core.domain.usecase.SearchUseCaseTest" time="0.002"/>
  <testcase name="invoke with empty query returns success with empty list" classname="com.diego.matesanz.jedi.archive.core.domain.usecase.SearchUseCaseTest" time="0.001"/>
  <testcase name="invoke with blank query returns success with empty list" classname="com.diego.matesanz.jedi.archive.core.domain.usecase.SearchUseCaseTest" time="0.001"/>
  <system-out><![CDATA[]]></system-out>
  <system-err><![CDATA[]]></system-err>
</testsuite>
