<?xml version="1.0" encoding="UTF-8"?>
<testsuite name="com.diego.matesanz.jedi.archive.core.domain.usecase.GetEntityDetailUseCaseTest" tests="4" skipped="0" failures="0" errors="0" timestamp="2026-02-27T08:57:09.026Z" hostname="dmatesanz" time="0.795">
  <properties/>
  <testcase name="invoke with PERSON type calls repository getPerson" classname="com.diego.matesanz.jedi.archive.core.domain.usecase.GetEntityDetailUseCaseTest" time="0.677"/>
  <testcase name="invoke with repository error returns failure" classname="com.diego.matesanz.jedi.archive.core.domain.usecase.GetEntityDetailUseCaseTest" time="0.002"/>
  <testcase name="invoke calls correct repository method for each EntityType" classname="com.diego.matesanz.jedi.archive.core.domain.usecase.GetEntityDetailUseCaseTest" time="0.112"/>
  <testcase name="invoke with PLANET type calls repository getPlanet" classname="com.diego.matesanz.jedi.archive.core.domain.usecase.GetEntityDetailUseCaseTest" time="0.003"/>
  <system-out><![CDATA[]]></system-out>
  <system-err><![CDATA[]]></system-err>
</testsuite>
