<?xml version="1.0" encoding="UTF-8"?>
<testsuite name="com.diego.matesanz.jedi.archive.core.network.util.UrlExtractorTest" tests="7" skipped="0" failures="0" errors="0" timestamp="2026-02-27T08:57:10.845Z" hostname="dmatesanz" time="0.013">
  <properties/>
  <testcase name="extractId handles multi-digit IDs" classname="com.diego.matesanz.jedi.archive.core.network.util.UrlExtractorTest" time="0.01"/>
  <testcase name="extractIds handles empty list" classname="com.diego.matesanz.jedi.archive.core.network.util.UrlExtractorTest" time="0.003"/>
  <testcase name="extractId handles different entity types" classname="com.diego.matesanz.jedi.archive.core.network.util.UrlExtractorTest" time="0.0"/>
  <testcase name="extractIds handles mixed entity types" classname="com.diego.matesanz.jedi.archive.core.network.util.UrlExtractorTest" time="0.0"/>
  <testcase name="extractIds extracts IDs from list of URLs" classname="com.diego.matesanz.jedi.archive.core.network.util.UrlExtractorTest" time="0.0"/>
  <testcase name="extractId extracts ID from standard SWAPI URL" classname="com.diego.matesanz.jedi.archive.core.network.util.UrlExtractorTest" time="0.0"/>
  <testcase name="extractId extracts ID from URL without trailing slash" classname="com.diego.matesanz.jedi.archive.core.network.util.UrlExtractorTest" time="0.0"/>
  <system-out><![CDATA[]]></system-out>
  <system-err><![CDATA[]]></system-err>
</testsuite>
